/home/pj321/elec_env/bin/python
Changed directory to /home/pj321/~ml_physics/electrolytes/electrolytes/data/results/2560.

JobID: 23930680
======
Time: Wed 13 May 05:04:02 BST 2020
Running on master node: cpu-e-892
Current directory: /home/pj321/~ml_physics/electrolytes/electrolytes/data/results/2560

Nodes allocated:
================
cpu-e-892

numtasks=32, numnodes=1, mpi_tasks_per_node=32 (OMP_NUM_THREADS=1)

Executing command:
==================
mpirun -ppn 32 -np 32 bash ./run1.sh 

mkdir: cannot create directory ‘bs020_is020’: File exists
mkdir: cannot create directory ‘bs020_is020’: File exists
mkdir: cannot create directory ‘bs020_is020’: File exists
mkdir: cannot create directory ‘bs020_is020’: File exists
mkdir: cannot create directory ‘bs020_is020’: File exists
mkdir: cannot create directory ‘bs020_is020’: File exists
mkdir: cannot create directory ‘bs020_is020’: File exists
mkdir: cannot create directory ‘bs020_is020’: File exists
mkdir: cannot create directory ‘bs020_is020’: File exists
mkdir: cannot create directory ‘bs020_is020’: File exists
mkdir: cannot create directory ‘bs020_is020’: File exists
mkdir: cannot create directory ‘bs020_is020’: File exists
mkdir: cannot create directory ‘bs020_is020’: File exists
mkdir: cannot create directory ‘bs020_is020’: File exists
mkdir: cannot create directory ‘bs020_is020’: File exists
mkdir: cannot create directory ‘bs020_is020’: File exists
mkdir: cannot create directory ‘bs020_is020’: File exists
mkdir: cannot create directory ‘bs020_is020’: File exists
mkdir: cannot create directory ‘bs020_is020’: File exists
mkdir: cannot create directory ‘bs020_is020’: File exists
mkdir: cannot create directory ‘bs020_is020’: File exists
mkdir: cannot create directory ‘bs020_is020’: File exists
mkdir: cannot create directory ‘bs020_is020’: File exists
mkdir: cannot create directory ‘bs020_is020’: File exists
mkdir: cannot create directory ‘bs020_is020’: File exists
mkdir: cannot create directory ‘bs020_is020’: File exists
mkdir: cannot create directory ‘bs020_is020’: File exists
mkdir: cannot create directory ‘bs020_is020’: File exists
mkdir: cannot create directory ‘bs020_is020’: File exists
mkdir: cannot create directory ‘bs020_is020’: File exists
mkdir: cannot create directory ‘bs020_is020’: File exists
mkdir: cannot create directory ‘bs020_is020’: File exists
Generating smoothed RDF descriptor.
Descriptor saved in fv2560.npy
Generating smoothed RDF descriptor.
Descriptor saved in fv2560.npy
Generating smoothed RDF descriptor.
Descriptor saved in fv2560.npy
Generating smoothed RDF descriptor.
Descriptor saved in fv2560.npy
Generating smoothed RDF descriptor.
Descriptor saved in fv2560.npy
Generating smoothed RDF descriptor.
Descriptor saved in fv2560.npy
Generating smoothed RDF descriptor.
Descriptor saved in fv2560.npy
Generating smoothed RDF descriptor.
Descriptor saved in fv2560.npy
Generating smoothed RDF descriptor.
Descriptor saved in fv2560.npy
Generating smoothed RDF descriptor.
Descriptor saved in fv2560.npy
Generating smoothed RDF descriptor.
Descriptor saved in fv2560.npy
Generating smoothed RDF descriptor.
Descriptor saved in fv2560.npy
Generating smoothed RDF descriptor.
Descriptor saved in fv2560.npy
Generating smoothed RDF descriptor.
Descriptor saved in fv2560.npy
Generating smoothed RDF descriptor.
Descriptor saved in fv2560.npy
Generating smoothed RDF descriptor.
Descriptor saved in fv2560.npy
Generating smoothed RDF descriptor.
Descriptor saved in fv2560.npy
Generating smoothed RDF descriptor.
Descriptor saved in fv2560.npy
Generating smoothed RDF descriptor.
Descriptor saved in fv2560.npy
Generating smoothed RDF descriptor.
Descriptor saved in fv2560.npy
Generating smoothed RDF descriptor.
Descriptor saved in fv2560.npy
Generating smoothed RDF descriptor.
Descriptor saved in fv2560.npy
Generating smoothed RDF descriptor.
Descriptor saved in fv2560.npy
Generating smoothed RDF descriptor.
Descriptor saved in fv2560.npy
Generating smoothed RDF descriptor.
Descriptor saved in fv2560.npy
Generating smoothed RDF descriptor.
Descriptor saved in fv2560.npy
Generating smoothed RDF descriptor.
Descriptor saved in fv2560.npy
Generating smoothed RDF descriptor.
Descriptor saved in fv2560.npy
Generating smoothed RDF descriptor.
Descriptor saved in fv2560.npy
Generating smoothed RDF descriptor.
Descriptor saved in fv2560.npy
Generating smoothed RDF descriptor.
Descriptor saved in fv2560.npy
Generating smoothed RDF descriptor.
Descriptor saved in fv2560.npy
