/home/pj321/elec_env/bin/python
Changed directory to /home/pj321/~ml_physics/electrolytes/electrolytes/data/results/2560.

JobID: 23618164
======
Time: Thu  7 May 07:06:37 BST 2020
Running on master node: cpu-e-517
Current directory: /home/pj321/~ml_physics/electrolytes/electrolytes/data/results/2560

Nodes allocated:
================
cpu-e-517

numtasks=32, numnodes=1, mpi_tasks_per_node=32 (OMP_NUM_THREADS=1)

Executing command:
==================
mpirun -ppn 32 -np 32 bash ./run2.sh 

mkdir: cannot create directory ‘bs015_is015’: File exists
mkdir: cannot create directory ‘bs015_is015’: File exists
mkdir: cannot create directory ‘bs015_is015’: File exists
mkdir: cannot create directory ‘bs015_is015’: File exists
mkdir: cannot create directory ‘bs015_is015’: File exists
mkdir: cannot create directory ‘bs015_is015’: File exists
mkdir: cannot create directory ‘bs015_is015’: File exists
mkdir: cannot create directory ‘bs015_is015’: File exists
mkdir: cannot create directory ‘bs015_is015’: File exists
mkdir: cannot create directory ‘bs015_is015’: File exists
mkdir: cannot create directory ‘bs015_is015’: File exists
mkdir: cannot create directory ‘bs015_is015’: File exists
mkdir: cannot create directory ‘bs015_is015’: File exists
mkdir: cannot create directory ‘bs015_is015’: File exists
mkdir: cannot create directory ‘bs015_is015’: File exists
mkdir: cannot create directory ‘bs015_is015’: File exists
mkdir: cannot create directory ‘bs015_is015’: File exists
mkdir: cannot create directory ‘bs015_is015’: File exists
mkdir: cannot create directory ‘bs015_is015’: File exists
mkdir: cannot create directory ‘bs015_is015’: File exists
mkdir: cannot create directory ‘bs015_is015’: File exists
mkdir: cannot create directory ‘bs015_is015’: File exists
mkdir: cannot create directory ‘bs015_is015’: File exists
mkdir: cannot create directory ‘bs015_is015’: File exists
mkdir: cannot create directory ‘bs015_is015’: File exists
mkdir: cannot create directory ‘bs015_is015’: File exists
mkdir: cannot create directory ‘bs015_is015’: File exists
mkdir: cannot create directory ‘bs015_is015’: File exists
mkdir: cannot create directory ‘bs015_is015’: File exists
mkdir: cannot create directory ‘bs015_is015’: File exists
mkdir: cannot create directory ‘bs015_is015’: File exists
slurmstepd: error: *** JOB 23618164 ON cpu-e-517 CANCELLED AT 2020-05-07T13:06:54 DUE TO TIME LIMIT ***
slurmstepd: error: *** STEP 23618164.0 ON cpu-e-517 CANCELLED AT 2020-05-07T13:06:54 DUE TO TIME LIMIT ***
slurmstepd: error: task_p_post_term: rmdir(/sys/fs/cgroup/cpuset/slurm23618164/slurm23618164.4294967294_0) failed Device or resource busy
