/home/pj321/elec_env/bin/python
Changed directory to /home/pj321/~ml_physics/electrolytes/electrolytes/data/results/1060.

JobID: 23617312
======
Time: Thu  7 May 07:05:49 BST 2020
Running on master node: cpu-e-654
Current directory: /home/pj321/~ml_physics/electrolytes/electrolytes/data/results/1060

Nodes allocated:
================
cpu-e-654

numtasks=32, numnodes=1, mpi_tasks_per_node=32 (OMP_NUM_THREADS=1)

Executing command:
==================
mpirun -ppn 32 -np 32 bash ./run2.sh 

mkdir: cannot create directory ‘bs015_is015’: File exists
mkdir: cannot create directory ‘bs015_is015’: File exists
mkdir: cannot create directory ‘bs015_is015’: File exists
mkdir: cannot create directory ‘bs015_is015’: File exists
mkdir: cannot create directory ‘bs015_is015’: File exists
mkdir: cannot create directory ‘bs015_is015’: File exists
mkdir: cannot create directory ‘bs015_is015’: File exists
mkdir: cannot create directory ‘bs015_is015’: File exists
mkdir: cannot create directory ‘bs015_is015’: File exists
mkdir: cannot create directory ‘bs015_is015’: File exists
mkdir: cannot create directory ‘bs015_is015’: File exists
mkdir: cannot create directory ‘bs015_is015’: File exists
mkdir: cannot create directory ‘bs015_is015’: File exists
mkdir: cannot create directory ‘bs015_is015’: File exists
mkdir: cannot create directory ‘bs015_is015’: File exists
mkdir: cannot create directory ‘bs015_is015’: File exists
mkdir: cannot create directory ‘bs015_is015’: File exists
mkdir: cannot create directory ‘bs015_is015’: File exists
mkdir: cannot create directory ‘bs015_is015’: File exists
mkdir: cannot create directory ‘bs015_is015’: File exists
mkdir: cannot create directory ‘bs015_is015’: File exists
mkdir: cannot create directory ‘bs015_is015’: File exists
mkdir: cannot create directory ‘bs015_is015’: File exists
mkdir: cannot create directory ‘bs015_is015’: File exists
mkdir: cannot create directory ‘bs015_is015’: File exists
mkdir: cannot create directory ‘bs015_is015’: File exists
mkdir: cannot create directory ‘bs015_is015’: File exists
mkdir: cannot create directory ‘bs015_is015’: File exists
mkdir: cannot create directory ‘bs015_is015’: File exists
mkdir: cannot create directory ‘bs015_is015’: File exists
mkdir: cannot create directory ‘bs015_is015’: File exists
slurmstepd: error: *** STEP 23617312.0 ON cpu-e-654 CANCELLED AT 2020-05-07T13:05:49 DUE TO TIME LIMIT ***
slurmstepd: error: *** JOB 23617312 ON cpu-e-654 CANCELLED AT 2020-05-07T13:05:49 DUE TO TIME LIMIT ***
slurmstepd: error: task_p_post_term: rmdir(/sys/fs/cgroup/cpuset/slurm23617312/slurm23617312.4294967294_0) failed Device or resource busy
