/home/pj321/elec_env/bin/python
Changed directory to /home/pj321/~ml_physics/electrolytes/electrolytes/data/results/1540.

JobID: 23617180
======
Time: Thu  7 May 06:45:14 BST 2020
Running on master node: cpu-e-1150
Current directory: /home/pj321/~ml_physics/electrolytes/electrolytes/data/results/1540

Nodes allocated:
================
cpu-e-1150

numtasks=32, numnodes=1, mpi_tasks_per_node=32 (OMP_NUM_THREADS=1)

Executing command:
==================
mpirun -ppn 32 -np 32 bash ./run2.sh 

mkdir: cannot create directory ‘bs015_is015’: File exists
mkdir: cannot create directory ‘bs015_is015’: File exists
mkdir: cannot create directory ‘bs015_is015’: File exists
mkdir: cannot create directory ‘bs015_is015’: File exists
mkdir: cannot create directory ‘bs015_is015’: File exists
mkdir: cannot create directory ‘bs015_is015’: File exists
mkdir: cannot create directory ‘bs015_is015’: File exists
mkdir: cannot create directory ‘bs015_is015’: File exists
mkdir: cannot create directory ‘bs015_is015’: File exists
mkdir: cannot create directory ‘bs015_is015’: File exists
mkdir: cannot create directory ‘bs015_is015’: File exists
mkdir: cannot create directory ‘bs015_is015’: File exists
mkdir: cannot create directory ‘bs015_is015’: File exists
mkdir: cannot create directory ‘bs015_is015’: File exists
mkdir: cannot create directory ‘bs015_is015’: File exists
mkdir: cannot create directory ‘bs015_is015’: File exists
mkdir: cannot create directory ‘bs015_is015’: File exists
mkdir: cannot create directory ‘bs015_is015’: File exists
mkdir: cannot create directory ‘bs015_is015’: File exists
mkdir: cannot create directory ‘bs015_is015’: File exists
mkdir: cannot create directory ‘bs015_is015’: File exists
mkdir: cannot create directory ‘bs015_is015’: File exists
mkdir: cannot create directory ‘bs015_is015’: File exists
mkdir: cannot create directory ‘bs015_is015’: File exists
mkdir: cannot create directory ‘bs015_is015’: File exists
mkdir: cannot create directory ‘bs015_is015’: File exists
mkdir: cannot create directory ‘bs015_is015’: File exists
mkdir: cannot create directory ‘bs015_is015’: File exists
mkdir: cannot create directory ‘bs015_is015’: File exists
mkdir: cannot create directory ‘bs015_is015’: File exists
mkdir: cannot create directory ‘bs015_is015’: File exists
slurmstepd: error: *** STEP 23617180.0 ON cpu-e-1150 CANCELLED AT 2020-05-07T12:45:17 DUE TO TIME LIMIT ***
slurmstepd: error: *** JOB 23617180 ON cpu-e-1150 CANCELLED AT 2020-05-07T12:45:17 DUE TO TIME LIMIT ***
slurmstepd: error: task_p_post_term: rmdir(/sys/fs/cgroup/cpuset/slurm23617180/slurm23617180.4294967294_0) failed Device or resource busy
